# JRE version: OpenJDK Runtime Environment JBR-17.0.7+7-1000.5-nomod (17.0.7+7) (build 17.0.7+7-b1000.5)
# Java VM: OpenJDK 64-Bit Server VM JBR-17.0.7+7-1000.5-nomod (17.0.7+7-b1000.5, mixed mode, tiered, compressed oops, compressed class ptrs, g1 gc, windows-amd64)
GC Precious Log:
 CPUs: 8 total, 8 available
 Memory: 16193M
 Large Page Support: Disabled
 NUMA Support: Disabled
 Compressed Oops: Enabled (32-bit)
 Heap Region Size: 1M
 Heap Min Capacity: 256M
 Heap Initial Capacity: 256M
 Heap Max Capacity: 512M
 Pre-touch: Disabled
 Parallel Workers: 8
 Concurrent Workers: 2
 Concurrent Refinement Workers: 8
 Periodic GC: Disabled
Heap:
 garbage-first heap   total 320512K, used 165890K [0x00000000e0000000, 0x0000000100000000)
  region size 1024K, 21 young (21504K), 11 survivors (11264K)
 Metaspace       used 117794K, committed 119232K, reserved 458752K
  class space    used 14755K, committed 15424K, reserved 327680K
GC Heap History (20 events):
Event: 20879.715 GC heap before
{Heap before GC invocations=342 (full 0):
 garbage-first heap   total 320512K, used 262487K [0x00000000e0000000, 0x0000000100000000)
  region size 1024K, 107 young (109568K), 2 survivors (2048K)
 Metaspace       used 116830K, committed 118208K, reserved 458752K
  class space    used 14745K, committed 15360K, reserved 327680K
}
Event: 20879.728 GC heap after
{Heap after GC invocations=343 (full 0):
 garbage-first heap   total 320512K, used 164534K [0x00000000e0000000, 0x0000000100000000)
  region size 1024K, 10 young (10240K), 10 survivors (10240K)
 Metaspace       used 116830K, committed 118208K, reserved 458752K
  class space    used 14745K, committed 15360K, reserved 327680K
}
Event: 20908.460 GC heap before
{Heap before GC invocations=344 (full 0):
 garbage-first heap   total 320512K, used 261814K [0x00000000e0000000, 0x0000000100000000)
  region size 1024K, 107 young (109568K), 10 survivors (10240K)
 Metaspace       used 117233K, committed 118592K, reserved 458752K
  class space    used 14744K, committed 15360K, reserved 327680K
}
Event: 20908.470 GC heap after
{Heap after GC invocations=345 (full 0):
 garbage-first heap   total 320512K, used 162625K [0x00000000e0000000, 0x0000000100000000)
  region size 1024K, 4 young (4096K), 4 survivors (4096K)
 Metaspace       used 117233K, committed 118592K, reserved 458752K
  class space    used 14744K, committed 15360K, reserved 327680K
}
Event: 20908.956 GC heap before
{Heap before GC invocations=345 (full 0):
 garbage-first heap   total 320512K, used 172865K [0x00000000e0000000, 0x0000000100000000)
  region size 1024K, 15 young (15360K), 4 survivors (4096K)
 Metaspace       used 117237K, committed 118592K, reserved 458752K
  class space    used 14744K, committed 15360K, reserved 327680K
}
Event: 20908.965 GC heap after
{Heap after GC invocations=346 (full 0):
 garbage-first heap   total 320512K, used 159144K [0x00000000e0000000, 0x0000000100000000)
  region size 1024K, 2 young (2048K), 2 survivors (2048K)
 Metaspace       used 117237K, committed 118592K, reserved 458752K
  class space    used 14744K, committed 15360K, reserved 327680K
}
Event: 20916.036 GC heap before
{Heap before GC invocations=346 (full 0):
 garbage-first heap   total 320512K, used 263592K [0x00000000e0000000, 0x0000000100000000)
  region size 1024K, 105 young (107520K), 2 survivors (2048K)
 Metaspace       used 117507K, committed 118848K, reserved 458752K
  class space    used 14749K, committed 15360K, reserved 327680K
}
Event: 20916.048 GC heap after
{Heap after GC invocations=347 (full 0):
 garbage-first heap   total 320512K, used 164431K [0x00000000e0000000, 0x0000000100000000)
  region size 1024K, 8 young (8192K), 8 survivors (8192K)
 Metaspace       used 117507K, committed 118848K, reserved 458752K
  class space    used 14749K, committed 15360K, reserved 327680K
}
Event: 20937.831 GC heap before
{Heap before GC invocations=348 (full 0):
 garbage-first heap   total 320512K, used 263759K [0x00000000e0000000, 0x0000000100000000)
  region size 1024K, 107 young (109568K), 8 survivors (8192K)
 Metaspace       used 117653K, committed 118976K, reserved 458752K
  class space    used 14752K, committed 15360K, reserved 327680K
}
Event: 20937.839 GC heap after
{Heap after GC invocations=349 (full 0):
 garbage-first heap   total 320512K, used 161447K [0x00000000e0000000, 0x0000000100000000)
  region size 1024K, 6 young (6144K), 6 survivors (6144K)
 Metaspace       used 117653K, committed 118976K, reserved 458752K
  class space    used 14752K, committed 15360K, reserved 327680K
}
Event: 20938.020 GC heap before
{Heap before GC invocations=349 (full 0):
 garbage-first heap   total 320512K, used 170663K [0x00000000e0000000, 0x0000000100000000)
  region size 1024K, 15 young (15360K), 6 survivors (6144K)
 Metaspace       used 117656K, committed 118976K, reserved 458752K
  class space    used 14752K, committed 15360K, reserved 327680K
}
Event: 20938.047 GC heap after
{Heap after GC invocations=350 (full 0):
 garbage-first heap   total 320512K, used 148246K [0x00000000e0000000, 0x0000000100000000)
  region size 1024K, 2 young (2048K), 2 survivors (2048K)
 Metaspace       used 117656K, committed 118976K, reserved 458752K
  class space    used 14752K, committed 15360K, reserved 327680K
}
Event: 21038.298 GC heap before
{Heap before GC invocations=350 (full 0):
 garbage-first heap   total 320512K, used 264982K [0x00000000e0000000, 0x0000000100000000)
  region size 1024K, 116 young (118784K), 2 survivors (2048K)
 Metaspace       used 117715K, committed 119104K, reserved 458752K
  class space    used 14754K, committed 15424K, reserved 327680K
}
Event: 21038.306 GC heap after
{Heap after GC invocations=351 (full 0):
 garbage-first heap   total 320512K, used 154798K [0x00000000e0000000, 0x0000000100000000)
  region size 1024K, 9 young (9216K), 9 survivors (9216K)
 Metaspace       used 117715K, committed 119104K, reserved 458752K
  class space    used 14754K, committed 15424K, reserved 327680K
}
Event: 21039.619 GC heap before
{Heap before GC invocations=352 (full 0):
 garbage-first heap   total 320512K, used 265390K [0x00000000e0000000, 0x0000000100000000)
  region size 1024K, 118 young (120832K), 9 survivors (9216K)
 Metaspace       used 117766K, committed 119168K, reserved 458752K
  class space    used 14754K, committed 15424K, reserved 327680K
}
Event: 21039.628 GC heap after
{Heap after GC invocations=353 (full 0):
 garbage-first heap   total 320512K, used 159779K [0x00000000e0000000, 0x0000000100000000)
  region size 1024K, 12 young (12288K), 12 survivors (12288K)
 Metaspace       used 117766K, committed 119168K, reserved 458752K
  class space    used 14754K, committed 15424K, reserved 327680K
}
Event: 21066.613 GC heap before
{Heap before GC invocations=353 (full 0):
 garbage-first heap   total 320512K, used 162851K [0x00000000e0000000, 0x0000000100000000)
  region size 1024K, 15 young (15360K), 12 survivors (12288K)
 Metaspace       used 117766K, committed 119168K, reserved 458752K
  class space    used 14754K, committed 15424K, reserved 327680K
}
Event: 21066.647 GC heap after
{Heap after GC invocations=354 (full 0):
 garbage-first heap   total 320512K, used 147391K [0x00000000e0000000, 0x0000000100000000)
  region size 1024K, 2 young (2048K), 2 survivors (2048K)
 Metaspace       used 117766K, committed 119168K, reserved 458752K
  class space    used 14754K, committed 15424K, reserved 327680K
}
Event: 21641.624 GC heap before
{Heap before GC invocations=354 (full 0):
 garbage-first heap   total 320512K, used 264127K [0x00000000e0000000, 0x0000000100000000)
  region size 1024K, 117 young (119808K), 2 survivors (2048K)
 Metaspace       used 117794K, committed 119232K, reserved 458752K
  class space    used 14755K, committed 15424K, reserved 327680K
}
Event: 21641.636 GC heap after
{Heap after GC invocations=355 (full 0):
 garbage-first heap   total 320512K, used 156674K [0x00000000e0000000, 0x0000000100000000)
  region size 1024K, 11 young (11264K), 11 survivors (11264K)
 Metaspace       used 117794K, committed 119232K, reserved 458752K
  class space    used 14755K, committed 15424K, reserved 327680K
}

